W000000001 Warning: No strand column found from: sc.txt, expecting all markers to have positive strand.
W000000002 Warning: No strand column found from: nn.txt, expecting all markers to have positive strand.
W000000003 Warning: No strand column found from: ng.txt, expecting all markers to have positive strand.
W000000004 Warning: Marker rs74597067 has wrong strand. Strand flipped.
W000000004 1 has EA: A NEA: T
W000000004 2 has EA: A NEA: T
W000000004 3 has EA: C NEA: T
E000000005 Error: Marker rs111954118 has wrong effect allele. Skipping marker.
E000000005 1 has EA: T NEA: C
E000000005 2 has EA: G NEA: C
W000000006 Warning: Marker rs879790289 has wrong strand. Strand flipped.
W000000006 1 has EA: C NEA: A
W000000006 2 has EA: G NEA: A
W000000007 Warning: Marker rs192822766 has wrong strand. Strand flipped.
W000000007 1 has EA: G NEA: C
W000000007 2 has EA: T NEA: C
E000000008 Error: Marker rs566081444 has wrong effect allele. Skipping marker.
E000000008 1 has EA: T NEA: G
E000000008 2 has EA: C NEA: G
E000000009 Error: Marker rs1230394 has wrong effect allele. Skipping marker.
E000000009 1 has EA: T NEA: C
E000000009 2 has EA: G NEA: C
W000000010 Warning: Marker rs779632031 has wrong strand. Strand flipped.
W000000010 1 has EA: T NEA: C
W000000010 2 has EA: A NEA: C
W000000011 Warning: Marker rs231452 has wrong strand. Strand flipped.
W000000011 1 has EA: T NEA: G
W000000011 2 has EA: A NEA: G
W000000012 Warning: Marker rs535838343 has wrong strand. Strand flipped.
W000000012 1 has EA: T NEA: C
W000000012 2 has EA: A NEA: C
E000000013 Error: Marker rs80284466 has wrong effect allele. Skipping marker.
E000000013 1 has EA: A NEA: G
E000000013 2 has EA: C NEA: G
E000000014 Error: Marker rs575455718 has wrong effect allele. Skipping marker.
E000000014 1 has EA: A NEA: G
E000000014 2 has EA: C NEA: G
W000000015 Warning: Marker rs184349311 has wrong strand. Strand flipped.
W000000015 1 has EA: G NEA: C
W000000015 2 has EA: A NEA: C
W000000016 Warning: Marker rs74597067 has minimum and maximum effect allele frequencies difference > 30%.
W000000016 Population: sc.txt has EAF: 0.2545
W000000016 Population: nn.txt has EAF: NA
W000000016 Population: ng.txt has EAF: 0.99842
W000000016 Population: ng.txt has EAF: 0.22384
W000000017 Warning: Marker rs35590725 has minimum and maximum effect allele frequencies difference > 30%.
W000000017 Population: sc.txt has EAF: 0.4295
W000000017 Population: nn.txt has EAF: NA
W000000017 Population: ng.txt has EAF: 0.99249
W000000017 Population: ng.txt has EAF: 0.42121
W000000018 Warning: Marker rs192822766 has minimum and maximum effect allele frequencies difference > 30%.
W000000018 Population: ng.txt has EAF: 0.0001
W000000018 Population: ng.txt has EAF: 0.99882
W000000019 Warning: Marker rs184349311 has minimum and maximum effect allele frequencies difference > 30%.
W000000019 Population: ng.txt has EAF: 0.00046
W000000019 Population: ng.txt has EAF: 0.99259
