Running GWAMA 1.4
Reading command line options.
The output file root has been set to Random_results/Random
Quantitative trait (BETA+SE)Using random effect correction
Reading input file list:
	sc.txt
	nn.txt
	ng.txt
END-OF-FILE
Study count: 3
 [1] Reading file: sc.txt
Warning: No strand column found from: sc.txt, expecting all markers to have positive strand. (W000000001)
 [2] Reading file: nn.txt
Warning: No strand column found from: nn.txt, expecting all markers to have positive strand. (W000000002)
 [3] Reading file: ng.txt
Warning: No strand column found from: ng.txt, expecting all markers to have positive strand. (W000000003)
Warning: Marker rs74597067 has wrong strand. (W000000004)
Error: Marker rs111954118 has wrong effect allele. (E000000005)
Warning: Marker rs879790289 has wrong strand. (W000000006)
Warning: Marker rs192822766 has wrong strand. (W000000007)
Error: Marker rs566081444 has wrong effect allele. (E000000008)
Error: Marker rs1230394 has wrong effect allele. (E000000009)
Warning: Marker rs779632031 has wrong strand. (W000000010)
Warning: Marker rs231452 has wrong strand. (W000000011)
Warning: Marker rs535838343 has wrong strand. (W000000012)
Error: Marker rs80284466 has wrong effect allele. (E000000013)
Error: Marker rs575455718 has wrong effect allele. (E000000014)
Warning: Marker rs184349311 has wrong strand. (W000000015)
Warning: Marker rs74597067 has minimum and maximum effect allele frequencies difference > 30%. (W000000016)
Warning: Marker rs35590725 has minimum and maximum effect allele frequencies difference > 30%. (W000000017)
Warning: Marker rs192822766 has minimum and maximum effect allele frequencies difference > 30%. (W000000018)
Warning: Marker rs184349311 has minimum and maximum effect allele frequencies difference > 30%. (W000000019)
